<?xml version="1.0" encoding="UTF-8"?>
<!-- Generated by org.testng.reporters.JUnitXMLReporter -->
<testsuite hostname="sudheer-PC" ignored="0" name="Test" tests="3" failures="0" timestamp="02 Oct 2019 07:54:48 GMT" time="21.545" errors="0">
  <testcase name="loginPageTitleTest" time="0.017" classname="com.OHRMS.testcasescripts.LoginPageTest"/>
  <testcase name="verifyHomePageTitleTest" time="0.009" classname="com.OHRMS.testcasescripts.HomePageTest"/>
  <testcase name="LoginTest" time="4.388" classname="com.OHRMS.testcasescripts.LoginPageTest"/>
</testsuite> <!-- Test -->
