<?xml version="1.0" encoding="UTF-8"?>
<testng-results skipped="0" failed="0" ignored="0" total="3" passed="3">
  <reporter-output>
  </reporter-output>
  <suite name="Suite" duration-ms="21545" started-at="2019-10-02T07:54:27Z" finished-at="2019-10-02T07:54:48Z">
    <groups>
    </groups>
    <test name="Test" duration-ms="21545" started-at="2019-10-02T07:54:27Z" finished-at="2019-10-02T07:54:48Z">
      <class name="com.OHRMS.testcasescripts.LoginPageTest">
        <test-method status="PASS" signature="setup()[pri:0, instance:com.OHRMS.testcasescripts.LoginPageTest@3701eaf6]" name="setup" is-config="true" duration-ms="7304" started-at="2019-10-02T07:54:27Z" finished-at="2019-10-02T07:54:34Z">
          <reporter-output>
          </reporter-output>
        </test-method> <!-- setup -->
        <test-method status="PASS" signature="loginPageTitleTest()[pri:1, instance:com.OHRMS.testcasescripts.LoginPageTest@3701eaf6]" name="loginPageTitleTest" duration-ms="17" started-at="2019-10-02T07:54:34Z" finished-at="2019-10-02T07:54:34Z">
          <reporter-output>
          </reporter-output>
        </test-method> <!-- loginPageTitleTest -->
        <test-method status="PASS" signature="LoginTest()[pri:2, instance:com.OHRMS.testcasescripts.LoginPageTest@3701eaf6]" name="LoginTest" duration-ms="4388" started-at="2019-10-02T07:54:44Z" finished-at="2019-10-02T07:54:48Z">
          <reporter-output>
          </reporter-output>
        </test-method> <!-- LoginTest -->
        <test-method status="PASS" signature="teardown()[pri:0, instance:com.OHRMS.testcasescripts.LoginPageTest@3701eaf6]" name="teardown" is-config="true" duration-ms="1" started-at="2019-10-02T07:54:48Z" finished-at="2019-10-02T07:54:48Z">
          <reporter-output>
          </reporter-output>
        </test-method> <!-- teardown -->
      </class> <!-- com.OHRMS.testcasescripts.LoginPageTest -->
      <class name="com.OHRMS.testcasescripts.HomePageTest">
        <test-method status="PASS" signature="setup()[pri:0, instance:com.OHRMS.testcasescripts.HomePageTest@627551fb]" name="setup" is-config="true" duration-ms="9791" started-at="2019-10-02T07:54:34Z" finished-at="2019-10-02T07:54:44Z">
          <reporter-output>
          </reporter-output>
        </test-method> <!-- setup -->
        <test-method status="PASS" signature="verifyHomePageTitleTest()[pri:1, instance:com.OHRMS.testcasescripts.HomePageTest@627551fb]" name="verifyHomePageTitleTest" duration-ms="9" started-at="2019-10-02T07:54:44Z" finished-at="2019-10-02T07:54:44Z">
          <reporter-output>
          </reporter-output>
        </test-method> <!-- verifyHomePageTitleTest -->
        <test-method status="PASS" signature="teardown()[pri:0, instance:com.OHRMS.testcasescripts.HomePageTest@627551fb]" name="teardown" is-config="true" duration-ms="0" started-at="2019-10-02T07:54:44Z" finished-at="2019-10-02T07:54:44Z">
          <reporter-output>
          </reporter-output>
        </test-method> <!-- teardown -->
      </class> <!-- com.OHRMS.testcasescripts.HomePageTest -->
    </test> <!-- Test -->
  </suite> <!-- Suite -->
</testng-results>
